Symlinking /home/kpdudek/ros_ws/devel/share/roseus/ros/me416_lab/manifest.l
Symlinking /home/kpdudek/ros_ws/devel/share/roseus/ros/me416_lab/msg/MotorSpeedsStamped.l
Symlinking /home/kpdudek/ros_ws/devel/share/roseus/ros/me416_lab/msg/MotorSpeeds.l
Symlinking /home/kpdudek/ros_ws/devel/share/common-lisp/ros/me416_lab/msg/MotorSpeedsStamped.lisp
Symlinking /home/kpdudek/ros_ws/devel/share/common-lisp/ros/me416_lab/msg/_package_MotorSpeeds.lisp
Symlinking /home/kpdudek/ros_ws/devel/share/common-lisp/ros/me416_lab/msg/MotorSpeeds.lisp
Symlinking /home/kpdudek/ros_ws/devel/share/common-lisp/ros/me416_lab/msg/_package.lisp
Symlinking /home/kpdudek/ros_ws/devel/share/common-lisp/ros/me416_lab/msg/me416_lab-msg.asd
Symlinking /home/kpdudek/ros_ws/devel/share/common-lisp/ros/me416_lab/msg/_package_MotorSpeedsStamped.lisp
Symlinking /home/kpdudek/ros_ws/devel/share/me416_lab/cmake/me416_lab-msg-paths.cmake
Symlinking /home/kpdudek/ros_ws/devel/share/me416_lab/cmake/me416_lab-msg-extras.cmake
Symlinking /home/kpdudek/ros_ws/devel/share/me416_lab/cmake/me416_labConfig.cmake
Symlinking /home/kpdudek/ros_ws/devel/share/me416_lab/cmake/me416_labConfig-version.cmake
Symlinking /home/kpdudek/ros_ws/devel/share/gennodejs/ros/me416_lab/_index.js
Symlinking /home/kpdudek/ros_ws/devel/share/gennodejs/ros/me416_lab/msg/_index.js
Symlinking /home/kpdudek/ros_ws/devel/share/gennodejs/ros/me416_lab/msg/MotorSpeedsStamped.js
Symlinking /home/kpdudek/ros_ws/devel/share/gennodejs/ros/me416_lab/msg/MotorSpeeds.js
Symlinking /home/kpdudek/ros_ws/devel/include/me416_lab/MotorSpeedsStamped.h
Symlinking /home/kpdudek/ros_ws/devel/include/me416_lab/MotorSpeeds.h
Symlinking /home/kpdudek/ros_ws/devel/lib/python2.7/dist-packages/me416_lab/__init__.py
Symlinking /home/kpdudek/ros_ws/devel/lib/python2.7/dist-packages/me416_lab/msg/__init__.py
Symlinking /home/kpdudek/ros_ws/devel/lib/python2.7/dist-packages/me416_lab/msg/_MotorSpeeds.py
Symlinking /home/kpdudek/ros_ws/devel/lib/python2.7/dist-packages/me416_lab/msg/_MotorSpeedsStamped.py
Symlinking /home/kpdudek/ros_ws/devel/lib/pkgconfig/me416_lab.pc
