[35m[1mScanning dependencies of target std_msgs_generate_messages_nodejs[0m
[35m[1mScanning dependencies of target _me416_lab_generate_messages_check_deps_MotorSpeedsStamped[0m
[35m[1mScanning dependencies of target std_msgs_generate_messages_cpp[0m
[35m[1mScanning dependencies of target _me416_lab_generate_messages_check_deps_MotorSpeeds[0m
[35m[1mScanning dependencies of target std_msgs_generate_messages_eus[0m
[35m[1mScanning dependencies of target std_msgs_generate_messages_lisp[0m
[35m[1mScanning dependencies of target std_msgs_generate_messages_py[0m
[  0%] Built target std_msgs_generate_messages_eus
[  0%] Built target std_msgs_generate_messages_cpp
[  0%] Built target std_msgs_generate_messages_nodejs
[  0%] Built target std_msgs_generate_messages_py
[  0%] Built target std_msgs_generate_messages_lisp
[  0%] Built target _me416_lab_generate_messages_check_deps_MotorSpeeds
[  0%] Built target _me416_lab_generate_messages_check_deps_MotorSpeedsStamped
[35m[1mScanning dependencies of target me416_lab_generate_messages_nodejs[0m
[35m[1mScanning dependencies of target me416_lab_generate_messages_cpp[0m
[35m[1mScanning dependencies of target me416_lab_generate_messages_lisp[0m
[35m[1mScanning dependencies of target me416_lab_generate_messages_py[0m
[35m[1mScanning dependencies of target me416_lab_generate_messages_eus[0m
[ 33%] [34m[1mGenerating Lisp code from me416_lab/MotorSpeedsStamped.msg[0m
[ 41%] [34m[1mGenerating Lisp code from me416_lab/MotorSpeeds.msg[0m
[ 33%] [34m[1mGenerating Javascript code from me416_lab/MotorSpeeds.msg[0m
[ 50%] [34m[1mGenerating EusLisp code from me416_lab/MotorSpeedsStamped.msg[0m
[ 33%] [34m[1mGenerating C++ code from me416_lab/MotorSpeedsStamped.msg[0m
[ 58%] [34m[1mGenerating C++ code from me416_lab/MotorSpeeds.msg[0m
[ 33%] [34m[1mGenerating Javascript code from me416_lab/MotorSpeedsStamped.msg[0m
[ 66%] [34m[1mGenerating Python from MSG me416_lab/MotorSpeedsStamped[0m
[ 83%] [34m[1mGenerating Python from MSG me416_lab/MotorSpeeds[0m
[ 83%] [34m[1mGenerating EusLisp code from me416_lab/MotorSpeeds.msg[0m
[ 83%] Built target me416_lab_generate_messages_nodejs
[ 83%] Built target me416_lab_generate_messages_lisp
[ 91%] [34m[1mGenerating EusLisp manifest code for me416_lab[0m
[ 91%] Built target me416_lab_generate_messages_cpp
[100%] [34m[1mGenerating Python msg __init__.py for me416_lab[0m
[100%] Built target me416_lab_generate_messages_py
[100%] Built target me416_lab_generate_messages_eus
[35m[1mScanning dependencies of target me416_lab_generate_messages[0m
[100%] Built target me416_lab_generate_messages
