Linked: (/home/kpdudek/ros_ws/devel/.private/me416_lab/share/roseus/ros/me416_lab/manifest.l, /home/kpdudek/ros_ws/devel/share/roseus/ros/me416_lab/manifest.l)
Linked: (/home/kpdudek/ros_ws/devel/.private/me416_lab/share/roseus/ros/me416_lab/msg/MotorSpeedsStamped.l, /home/kpdudek/ros_ws/devel/share/roseus/ros/me416_lab/msg/MotorSpeedsStamped.l)
Linked: (/home/kpdudek/ros_ws/devel/.private/me416_lab/share/roseus/ros/me416_lab/msg/MotorSpeeds.l, /home/kpdudek/ros_ws/devel/share/roseus/ros/me416_lab/msg/MotorSpeeds.l)
Linked: (/home/kpdudek/ros_ws/devel/.private/me416_lab/share/common-lisp/ros/me416_lab/msg/MotorSpeedsStamped.lisp, /home/kpdudek/ros_ws/devel/share/common-lisp/ros/me416_lab/msg/MotorSpeedsStamped.lisp)
Linked: (/home/kpdudek/ros_ws/devel/.private/me416_lab/share/common-lisp/ros/me416_lab/msg/_package_MotorSpeeds.lisp, /home/kpdudek/ros_ws/devel/share/common-lisp/ros/me416_lab/msg/_package_MotorSpeeds.lisp)
Linked: (/home/kpdudek/ros_ws/devel/.private/me416_lab/share/common-lisp/ros/me416_lab/msg/MotorSpeeds.lisp, /home/kpdudek/ros_ws/devel/share/common-lisp/ros/me416_lab/msg/MotorSpeeds.lisp)
Linked: (/home/kpdudek/ros_ws/devel/.private/me416_lab/share/common-lisp/ros/me416_lab/msg/_package.lisp, /home/kpdudek/ros_ws/devel/share/common-lisp/ros/me416_lab/msg/_package.lisp)
Linked: (/home/kpdudek/ros_ws/devel/.private/me416_lab/share/common-lisp/ros/me416_lab/msg/me416_lab-msg.asd, /home/kpdudek/ros_ws/devel/share/common-lisp/ros/me416_lab/msg/me416_lab-msg.asd)
Linked: (/home/kpdudek/ros_ws/devel/.private/me416_lab/share/common-lisp/ros/me416_lab/msg/_package_MotorSpeedsStamped.lisp, /home/kpdudek/ros_ws/devel/share/common-lisp/ros/me416_lab/msg/_package_MotorSpeedsStamped.lisp)
Linked: (/home/kpdudek/ros_ws/devel/.private/me416_lab/share/me416_lab/cmake/me416_lab-msg-paths.cmake, /home/kpdudek/ros_ws/devel/share/me416_lab/cmake/me416_lab-msg-paths.cmake)
Linked: (/home/kpdudek/ros_ws/devel/.private/me416_lab/share/me416_lab/cmake/me416_lab-msg-extras.cmake, /home/kpdudek/ros_ws/devel/share/me416_lab/cmake/me416_lab-msg-extras.cmake)
Linked: (/home/kpdudek/ros_ws/devel/.private/me416_lab/share/me416_lab/cmake/me416_labConfig.cmake, /home/kpdudek/ros_ws/devel/share/me416_lab/cmake/me416_labConfig.cmake)
Linked: (/home/kpdudek/ros_ws/devel/.private/me416_lab/share/me416_lab/cmake/me416_labConfig-version.cmake, /home/kpdudek/ros_ws/devel/share/me416_lab/cmake/me416_labConfig-version.cmake)
Linked: (/home/kpdudek/ros_ws/devel/.private/me416_lab/share/gennodejs/ros/me416_lab/_index.js, /home/kpdudek/ros_ws/devel/share/gennodejs/ros/me416_lab/_index.js)
Linked: (/home/kpdudek/ros_ws/devel/.private/me416_lab/share/gennodejs/ros/me416_lab/msg/_index.js, /home/kpdudek/ros_ws/devel/share/gennodejs/ros/me416_lab/msg/_index.js)
Linked: (/home/kpdudek/ros_ws/devel/.private/me416_lab/share/gennodejs/ros/me416_lab/msg/MotorSpeedsStamped.js, /home/kpdudek/ros_ws/devel/share/gennodejs/ros/me416_lab/msg/MotorSpeedsStamped.js)
Linked: (/home/kpdudek/ros_ws/devel/.private/me416_lab/share/gennodejs/ros/me416_lab/msg/MotorSpeeds.js, /home/kpdudek/ros_ws/devel/share/gennodejs/ros/me416_lab/msg/MotorSpeeds.js)
Linked: (/home/kpdudek/ros_ws/devel/.private/me416_lab/include/me416_lab/MotorSpeedsStamped.h, /home/kpdudek/ros_ws/devel/include/me416_lab/MotorSpeedsStamped.h)
Linked: (/home/kpdudek/ros_ws/devel/.private/me416_lab/include/me416_lab/MotorSpeeds.h, /home/kpdudek/ros_ws/devel/include/me416_lab/MotorSpeeds.h)
Linked: (/home/kpdudek/ros_ws/devel/.private/me416_lab/lib/python2.7/dist-packages/me416_lab/__init__.py, /home/kpdudek/ros_ws/devel/lib/python2.7/dist-packages/me416_lab/__init__.py)
Linked: (/home/kpdudek/ros_ws/devel/.private/me416_lab/lib/python2.7/dist-packages/me416_lab/msg/__init__.py, /home/kpdudek/ros_ws/devel/lib/python2.7/dist-packages/me416_lab/msg/__init__.py)
Linked: (/home/kpdudek/ros_ws/devel/.private/me416_lab/lib/python2.7/dist-packages/me416_lab/msg/_MotorSpeeds.py, /home/kpdudek/ros_ws/devel/lib/python2.7/dist-packages/me416_lab/msg/_MotorSpeeds.py)
Linked: (/home/kpdudek/ros_ws/devel/.private/me416_lab/lib/python2.7/dist-packages/me416_lab/msg/_MotorSpeedsStamped.py, /home/kpdudek/ros_ws/devel/lib/python2.7/dist-packages/me416_lab/msg/_MotorSpeedsStamped.py)
Linked: (/home/kpdudek/ros_ws/devel/.private/me416_lab/lib/pkgconfig/me416_lab.pc, /home/kpdudek/ros_ws/devel/lib/pkgconfig/me416_lab.pc)
